2022-12-09 11:00:53.875 [main] INFO  Main - (0) Exit
2022-12-09 11:00:53.877 [main] INFO  Main - (1) Airlines
2022-12-09 11:00:53.877 [main] INFO  Main - (2) Parking
2022-12-09 11:00:53.877 [main] INFO  Main - (3) Ground Transportation
2022-12-09 11:00:53.877 [main] INFO  Main - (4) Shops
2022-12-09 11:00:53.877 [main] INFO  Main - (5) Help
2022-12-09 11:00:53.877 [main] INFO  Main - Select Service: 
2022-12-18 17:16:23.900 [main] INFO  Main - (0) Exit
2022-12-18 17:16:23.902 [main] INFO  Main - (1) Airlines
2022-12-18 17:16:23.902 [main] INFO  Main - (2) Parking
2022-12-18 17:16:23.902 [main] INFO  Main - (3) Ground Transportation
2022-12-18 17:16:23.902 [main] INFO  Main - (4) Shops
2022-12-18 17:16:23.902 [main] INFO  Main - (5) Help
2022-12-18 17:16:23.902 [main] INFO  Main - Select Service: 
2022-12-18 17:16:26.838 [main] INFO  Main - (0) Exit
2022-12-18 17:16:26.839 [main] INFO  Main - (1) Delta

2022-12-18 17:16:26.839 [main] INFO  Main - Select: 
2022-12-18 17:16:30.304 [main] INFO  Main - (0) Exit
2022-12-18 17:16:30.304 [main] INFO  Main - (1) Airlines
2022-12-18 17:16:30.304 [main] INFO  Main - (2) Parking
2022-12-18 17:16:30.304 [main] INFO  Main - (3) Ground Transportation
2022-12-18 17:16:30.304 [main] INFO  Main - (4) Shops
2022-12-18 17:16:30.304 [main] INFO  Main - (5) Help
2022-12-18 17:16:30.304 [main] INFO  Main - Select Service: 
2022-12-18 17:14:55.875 [main] INFO  Main - Bruh
2022-12-18 17:14:55.886 [main] INFO  Main - (0) Exit
2022-12-18 17:14:55.886 [main] INFO  Main - (1) Airlines
2022-12-18 17:14:55.886 [main] INFO  Main - (2) Parking
2022-12-18 17:14:55.886 [main] INFO  Main - (3) Ground Transportation
2022-12-18 17:14:55.886 [main] INFO  Main - (4) Shops
2022-12-18 17:14:55.886 [main] INFO  Main - (5) Help
2022-12-18 17:14:55.886 [main] INFO  Main - Select Service: 
